Using pre-set license
Built from '2021.3/staging' branch; Version is '2021.3.15f1 (e8e88683f834) revision 15263878'; Using compiler version '192829333'; Build Type 'Release'
OS: 'Windows 11  (10.0.22000) 64bit Core' Language: 'ko' Physical Memory: 15610 MB
BatchMode: 1, IsHumanControllingUs: 0, StartBugReporterOnCrash: 0, Is64bit: 1, IsPro: 1

COMMAND LINE ARGUMENTS:
C:\Program Files\Unity\Hub\Editor\2021.3.15f1\Editor\Unity.exe
-adb2
-batchMode
-noUpm
-name
AssetImportWorker0
-projectPath
C:/Users/defaultuser/Desktop/BoolPyeonMan/HelpMeBoolPyeonMan
-logFile
Logs/AssetImportWorker0.log
-srvPort
63298
Successfully changed project path to: C:/Users/defaultuser/Desktop/BoolPyeonMan/HelpMeBoolPyeonMan
C:/Users/defaultuser/Desktop/BoolPyeonMan/HelpMeBoolPyeonMan
[UnityMemory] Configuration Parameters - Can be set up in boot.config
    "memorysetup-bucket-allocator-granularity=16"
    "memorysetup-bucket-allocator-bucket-count=8"
    "memorysetup-bucket-allocator-block-size=33554432"
    "memorysetup-bucket-allocator-block-count=8"
    "memorysetup-main-allocator-block-size=16777216"
    "memorysetup-thread-allocator-block-size=16777216"
    "memorysetup-gfx-main-allocator-block-size=16777216"
    "memorysetup-gfx-thread-allocator-block-size=16777216"
    "memorysetup-cache-allocator-block-size=4194304"
    "memorysetup-typetree-allocator-block-size=2097152"
    "memorysetup-profiler-bucket-allocator-granularity=16"
    "memorysetup-profiler-bucket-allocator-bucket-count=8"
    "memorysetup-profiler-bucket-allocator-block-size=33554432"
    "memorysetup-profiler-bucket-allocator-block-count=8"
    "memorysetup-profiler-allocator-block-size=16777216"
    "memorysetup-profiler-editor-allocator-block-size=1048576"
    "memorysetup-temp-allocator-size-main=16777216"
    "memorysetup-job-temp-allocator-block-size=2097152"
    "memorysetup-job-temp-allocator-block-size-background=1048576"
    "memorysetup-job-temp-allocator-reduction-small-platforms=262144"
    "memorysetup-temp-allocator-size-background-worker=32768"
    "memorysetup-temp-allocator-size-job-worker=262144"
    "memorysetup-temp-allocator-size-preload-manager=33554432"
    "memorysetup-temp-allocator-size-nav-mesh-worker=65536"
    "memorysetup-temp-allocator-size-audio-worker=65536"
    "memorysetup-temp-allocator-size-cloud-worker=32768"
    "memorysetup-temp-allocator-size-gi-baking-worker=262144"
    "memorysetup-temp-allocator-size-gfx=262144"
Player connection [17212] Host "[IP] 10.210.60.87 [Port] 0 [Flags] 2 [Guid] 2664716859 [EditorId] 2664716859 [Version] 1048832 [Id] WindowsEditor(7,DESKTOP-AG8JFFH) [Debug] 1 [PackageName] WindowsEditor [ProjectName] Editor" joined multi-casting on [225.0.0.222:54997]...

Player connection [17212] Host "[IP] 10.210.60.87 [Port] 0 [Flags] 2 [Guid] 2664716859 [EditorId] 2664716859 [Version] 1048832 [Id] WindowsEditor(7,DESKTOP-AG8JFFH) [Debug] 1 [PackageName] WindowsEditor [ProjectName] Editor" joined alternative multi-casting on [225.0.0.222:34997]...

Refreshing native plugins compatible for Editor in 95.82 ms, found 4 plugins.
Preloading 0 native plugins for Editor in 0.00 ms.
Initialize engine version: 2021.3.15f1 (e8e88683f834)
[Subsystems] Discovering subsystems at path C:/Program Files/Unity/Hub/Editor/2021.3.15f1/Editor/Data/Resources/UnitySubsystems
[Subsystems] Discovering subsystems at path C:/Users/defaultuser/Desktop/BoolPyeonMan/HelpMeBoolPyeonMan/Assets
GfxDevice: creating device client; threaded=0; jobified=0
Direct3D:
    Version:  Direct3D 11.0 [level 11.1]
    Renderer: NVIDIA GeForce RTX 3070 Ti Laptop GPU (ID=0x24a0)
    Vendor:   NVIDIA
    VRAM:     8032 MB
    Driver:   31.0.15.2756
Initialize mono
Mono path[0] = 'C:/Program Files/Unity/Hub/Editor/2021.3.15f1/Editor/Data/Managed'
Mono path[1] = 'C:/Program Files/Unity/Hub/Editor/2021.3.15f1/Editor/Data/MonoBleedingEdge/lib/mono/unityjit-win32'
Mono config path = 'C:/Program Files/Unity/Hub/Editor/2021.3.15f1/Editor/Data/MonoBleedingEdge/etc'
Using monoOptions --debugger-agent=transport=dt_socket,embedding=1,server=y,suspend=n,address=127.0.0.1:56312
Begin MonoManager ReloadAssembly
Registering precompiled unity dll's ...
Register platform support module: C:/Program Files/Unity/Hub/Editor/2021.3.15f1/Editor/Data/PlaybackEngines/AndroidPlayer/UnityEditor.Android.Extensions.dll
Register platform support module: C:/Program Files/Unity/Hub/Editor/2021.3.15f1/Editor/Data/PlaybackEngines/WindowsStandaloneSupport/UnityEditor.WindowsStandalone.Extensions.dll
Registered in 0.006675 seconds.
Native extension for WindowsStandalone target not found
Native extension for Android target not found
Refreshing native plugins compatible for Editor in 72.82 ms, found 4 plugins.
Preloading 0 native plugins for Editor in 0.00 ms.
Mono: successfully reloaded assembly
- Completed reload, in  0.669 seconds
Domain Reload Profiling:
	ReloadAssembly (669ms)
		BeginReloadAssembly (124ms)
			ExecutionOrderSort (0ms)
			DisableScriptedObjects (0ms)
			BackupInstance (0ms)
			ReleaseScriptingObjects (0ms)
			CreateAndSetChildDomain (1ms)
		EndReloadAssembly (436ms)
			LoadAssemblies (123ms)
			RebuildTransferFunctionScriptingTraits (0ms)
			SetupTypeCache (97ms)
			ReleaseScriptCaches (0ms)
			RebuildScriptCaches (28ms)
			SetupLoadedEditorAssemblies (264ms)
				LogAssemblyErrors (0ms)
				InitializePlatformSupportModulesInManaged (54ms)
				SetLoadedEditorAssemblies (1ms)
				RefreshPlugins (73ms)
				BeforeProcessingInitializeOnLoad (1ms)
				ProcessInitializeOnLoadAttributes (92ms)
				ProcessInitializeOnLoadMethodAttributes (42ms)
				AfterProcessingInitializeOnLoad (0ms)
				EditorAssembliesLoaded (0ms)
			ExecutionOrderSort2 (0ms)
			AwakeInstancesAfterBackupRestoration (0ms)
Platform modules already initialized, skipping
Registering precompiled user dll's ...
Registered in 0.020466 seconds.
Begin MonoManager ReloadAssembly
Symbol file LoadedFromMemory doesn't match image C:\Users\defaultuser\Desktop\BoolPyeonMan\HelpMeBoolPyeonMan\Library\PackageCache\com.unity.visualscripting@1.7.8\Editor\VisualScripting.Core\Dependencies\YamlDotNet\Unity.VisualScripting.YamlDotNet.dll
Symbol file LoadedFromMemory doesn't match image C:\Users\defaultuser\Desktop\BoolPyeonMan\HelpMeBoolPyeonMan\Library\PackageCache\com.unity.visualscripting@1.7.8\Editor\VisualScripting.Core\Dependencies\DotNetZip\Unity.VisualScripting.IonicZip.dll
Native extension for WindowsStandalone target not found
Native extension for Android target not found
Refreshing native plugins compatible for Editor in 88.37 ms, found 4 plugins.
Preloading 0 native plugins for Editor in 0.00 ms.
Mono: successfully reloaded assembly
- Completed reload, in  1.460 seconds
Domain Reload Profiling:
	ReloadAssembly (1461ms)
		BeginReloadAssembly (241ms)
			ExecutionOrderSort (0ms)
			DisableScriptedObjects (6ms)
			BackupInstance (0ms)
			ReleaseScriptingObjects (0ms)
			CreateAndSetChildDomain (139ms)
		EndReloadAssembly (1081ms)
			LoadAssemblies (188ms)
			RebuildTransferFunctionScriptingTraits (0ms)
			SetupTypeCache (255ms)
			ReleaseScriptCaches (1ms)
			RebuildScriptCaches (67ms)
			SetupLoadedEditorAssemblies (522ms)
				LogAssemblyErrors (0ms)
				InitializePlatformSupportModulesInManaged (15ms)
				SetLoadedEditorAssemblies (0ms)
				RefreshPlugins (88ms)
				BeforeProcessingInitializeOnLoad (99ms)
				ProcessInitializeOnLoadAttributes (262ms)
				ProcessInitializeOnLoadMethodAttributes (47ms)
				AfterProcessingInitializeOnLoad (9ms)
				EditorAssembliesLoaded (1ms)
			ExecutionOrderSort2 (0ms)
			AwakeInstancesAfterBackupRestoration (10ms)
Platform modules already initialized, skipping
========================================================================
Worker process is ready to serve import requests
Launched and connected shader compiler UnityShaderCompiler.exe after 0.07 seconds
Refreshing native plugins compatible for Editor in 0.86 ms, found 4 plugins.
Preloading 0 native plugins for Editor in 0.00 ms.
Unloading 4063 Unused Serialized files (Serialized files now loaded: 0)
Unloading 38 unused Assets / (56.5 KB). Loaded Objects now: 4522.
Memory consumption went from 153.1 MB to 153.1 MB.
Total: 4.727100 ms (FindLiveObjects: 0.480800 ms CreateObjectMapping: 0.288500 ms MarkObjects: 3.734500 ms  DeleteObjects: 0.221600 ms)

AssetImportParameters requested are different than current active one (requested -> active):
  custom:video-decoder-ogg-theora: a1e56fd34408186e4bbccfd4996cb3dc -> 
  custom:container-muxer-webm: aa71ff27fc2769a1b78a27578f13a17b -> 
  custom:container-demuxer-webm: 4f35f7cbe854078d1ac9338744f61a02 -> 
  custom:video-encoder-webm-vp8: eb34c28f22e8b96e1ab97ce403110664 -> 
  custom:audio-encoder-webm-vorbis: bf7c407c2cedff20999df2af8eb42d56 -> 
  custom:framework-win-MediaFoundation: 216162199b28c13a410421893ffa2e32 -> 
  custom:container-demuxer-ogg: 62fdf1f143b41e24485cea50d1cbac27 -> 
  custom:video-decoder-webm-vp8: 9c59270c3fd7afecdb556c50c9e8de78 -> 
  custom:audio-decoder-ogg-vorbis: bf7c407c2cedff20999df2af8eb42d56 -> 
========================================================================
Received Import Request.
  Time since last request: 97242.696838 seconds.
  path: Assets/SampleImage/PizzaMiniGame
  artifactKey: Guid(a21d9dd2750b9bb4ba61ad2ff11e89dd) Importer(815301076,1909f56bfc062723c751e8b465ee728b)
Start importing Assets/SampleImage/PizzaMiniGame using Guid(a21d9dd2750b9bb4ba61ad2ff11e89dd) Importer(815301076,1909f56bfc062723c751e8b465ee728b)  -> (artifact id: 'b9160f7286d3e57e4c34b8d95221663b') in 0.011709 seconds 
========================================================================
Received Import Request.
  Time since last request: 8.173034 seconds.
  path: Assets/SampleImage/PizzaMiniGame/pizza1.png
  artifactKey: Guid(1ecc72ca59a91e740b2966f6d5456222) Importer(815301076,1909f56bfc062723c751e8b465ee728b)
Start importing Assets/SampleImage/PizzaMiniGame/pizza1.png using Guid(1ecc72ca59a91e740b2966f6d5456222) Importer(815301076,1909f56bfc062723c751e8b465ee728b)  -> (artifact id: 'e86a3adde01fb768020179d896a9db82') in 0.137438 seconds 
========================================================================
Received Import Request.
  Time since last request: 1.291932 seconds.
  path: Assets/SampleImage/PizzaMiniGame/pizzaAssert.png
  artifactKey: Guid(0085e754d05d1fe42b5e2716dfdcbff8) Importer(815301076,1909f56bfc062723c751e8b465ee728b)
Start importing Assets/SampleImage/PizzaMiniGame/pizzaAssert.png using Guid(0085e754d05d1fe42b5e2716dfdcbff8) Importer(815301076,1909f56bfc062723c751e8b465ee728b)  -> (artifact id: '500a12d992bef864f4e0d79f77747b06') in 0.043902 seconds 
========================================================================
Received Import Request.
  Time since last request: 3.343052 seconds.
  path: Assets/SampleImage/PizzaMiniGame/PIZZApiece
  artifactKey: Guid(6ae6ec33056c6504c857d747f0b9aae5) Importer(815301076,1909f56bfc062723c751e8b465ee728b)
Start importing Assets/SampleImage/PizzaMiniGame/PIZZApiece using Guid(6ae6ec33056c6504c857d747f0b9aae5) Importer(815301076,1909f56bfc062723c751e8b465ee728b)  -> (artifact id: 'b2dc113f373b0f0151d1b673f28a6456') in 0.002363 seconds 
========================================================================
Received Import Request.
  Time since last request: 2.648562 seconds.
  path: Assets/SampleImage/PizzaMiniGame/PIZZApiece/piz1.png
  artifactKey: Guid(e2e852b3999c4f84782c1c023c752286) Importer(815301076,1909f56bfc062723c751e8b465ee728b)
Start importing Assets/SampleImage/PizzaMiniGame/PIZZApiece/piz1.png using Guid(e2e852b3999c4f84782c1c023c752286) Importer(815301076,1909f56bfc062723c751e8b465ee728b)  -> (artifact id: '1d2a989c216c6b847690832fb54a236b') in 0.035543 seconds 
========================================================================
Received Import Request.
  Time since last request: 0.000035 seconds.
  path: Assets/SampleImage/PizzaMiniGame/PIZZApiece/piz6.png
  artifactKey: Guid(90fea063bbf4eff48bd941f45b2afb6e) Importer(815301076,1909f56bfc062723c751e8b465ee728b)
Start importing Assets/SampleImage/PizzaMiniGame/PIZZApiece/piz6.png using Guid(90fea063bbf4eff48bd941f45b2afb6e) Importer(815301076,1909f56bfc062723c751e8b465ee728b)  -> (artifact id: 'bf28c67e9adba68a85e9258d33a372cb') in 0.035690 seconds 
========================================================================
Received Import Request.
  Time since last request: 0.000029 seconds.
  path: Assets/SampleImage/PizzaMiniGame/PIZZApiece/piz4.png
  artifactKey: Guid(f4709a24295cc9b4bab977c8f2cbdb5c) Importer(815301076,1909f56bfc062723c751e8b465ee728b)
Start importing Assets/SampleImage/PizzaMiniGame/PIZZApiece/piz4.png using Guid(f4709a24295cc9b4bab977c8f2cbdb5c) Importer(815301076,1909f56bfc062723c751e8b465ee728b)  -> (artifact id: 'ac5a17113fbebee9c081fba62dbaf7db') in 0.035717 seconds 
========================================================================
Received Import Request.
  Time since last request: 0.000023 seconds.
  path: Assets/SampleImage/PizzaMiniGame/PIZZApiece/piz3.png
  artifactKey: Guid(f4dded81401500b4cb22661d6ecfa615) Importer(815301076,1909f56bfc062723c751e8b465ee728b)
Start importing Assets/SampleImage/PizzaMiniGame/PIZZApiece/piz3.png using Guid(f4dded81401500b4cb22661d6ecfa615) Importer(815301076,1909f56bfc062723c751e8b465ee728b)  -> (artifact id: '2ac30232c69aab68eb5dfd5930b2cdba') in 0.035120 seconds 
========================================================================
Received Import Request.
  Time since last request: 0.000040 seconds.
  path: Assets/SampleImage/PizzaMiniGame/PIZZApiece/piz7.png
  artifactKey: Guid(8db8e7c5fc124f143b90f51b9bb7d06c) Importer(815301076,1909f56bfc062723c751e8b465ee728b)
Start importing Assets/SampleImage/PizzaMiniGame/PIZZApiece/piz7.png using Guid(8db8e7c5fc124f143b90f51b9bb7d06c) Importer(815301076,1909f56bfc062723c751e8b465ee728b)  -> (artifact id: '3dcb7902341752b3e71911ced4d94154') in 0.040762 seconds 
========================================================================
Received Import Request.
  Time since last request: 0.000036 seconds.
  path: Assets/SampleImage/PizzaMiniGame/PIZZApiece/piz8.png
  artifactKey: Guid(2f3199ed72b0f3c47b2823f90cc30b33) Importer(815301076,1909f56bfc062723c751e8b465ee728b)
Start importing Assets/SampleImage/PizzaMiniGame/PIZZApiece/piz8.png using Guid(2f3199ed72b0f3c47b2823f90cc30b33) Importer(815301076,1909f56bfc062723c751e8b465ee728b)  -> (artifact id: '82067b5da578f085e952b4e35a336392') in 0.038575 seconds 
========================================================================
Received Import Request.
  Time since last request: 12.121023 seconds.
  path: Assets/SampleImage/PizzaMiniGame/PIZZApiece/piz1.png
  artifactKey: Guid(e2e852b3999c4f84782c1c023c752286) Importer(815301076,1909f56bfc062723c751e8b465ee728b)
Start importing Assets/SampleImage/PizzaMiniGame/PIZZApiece/piz1.png using Guid(e2e852b3999c4f84782c1c023c752286) Importer(815301076,1909f56bfc062723c751e8b465ee728b)  -> (artifact id: '1e8e2408310bb8783238f11129a52248') in 0.018835 seconds 
========================================================================
Received Import Request.
  Time since last request: 0.000027 seconds.
  path: Assets/SampleImage/PizzaMiniGame/PIZZApiece/piz5.png
  artifactKey: Guid(615495a1e68e71743b6d386b5811a4a0) Importer(815301076,1909f56bfc062723c751e8b465ee728b)
Start importing Assets/SampleImage/PizzaMiniGame/PIZZApiece/piz5.png using Guid(615495a1e68e71743b6d386b5811a4a0) Importer(815301076,1909f56bfc062723c751e8b465ee728b)  -> (artifact id: '235eba24f312033b5a9d93b3b1c2f612') in 0.008346 seconds 
========================================================================
Received Import Request.
  Time since last request: 0.000023 seconds.
  path: Assets/SampleImage/PizzaMiniGame/PIZZApiece/piz9.png
  artifactKey: Guid(6880132bb53e5d340abe5883a557f261) Importer(815301076,1909f56bfc062723c751e8b465ee728b)
Start importing Assets/SampleImage/PizzaMiniGame/PIZZApiece/piz9.png using Guid(6880132bb53e5d340abe5883a557f261) Importer(815301076,1909f56bfc062723c751e8b465ee728b)  -> (artifact id: '15765cd89bea2d764cd1b5de8bd03dfe') in 0.012902 seconds 
Editor requested this worker to shutdown with reason: Scaling down because of idle timeout
AssetImportWorker is now disconnected from the server
Process exiting
Exiting without the bug reporter. Application will terminate with return code 0