Using pre-set license
Built from '2021.3/staging' branch; Version is '2021.3.15f1 (e8e88683f834) revision 15263878'; Using compiler version '192829333'; Build Type 'Release'
OS: 'Windows 11  (10.0.22000) 64bit Core' Language: 'ko' Physical Memory: 15610 MB
BatchMode: 1, IsHumanControllingUs: 0, StartBugReporterOnCrash: 0, Is64bit: 1, IsPro: 1

COMMAND LINE ARGUMENTS:
C:\Program Files\Unity\Hub\Editor\2021.3.15f1\Editor\Unity.exe
-adb2
-batchMode
-noUpm
-name
AssetImportWorker2
-projectPath
C:/Users/defaultuser/Desktop/BoolPyeonMan/HelpMeBoolPyeonMan
-logFile
Logs/AssetImportWorker2.log
-srvPort
63298
Successfully changed project path to: C:/Users/defaultuser/Desktop/BoolPyeonMan/HelpMeBoolPyeonMan
C:/Users/defaultuser/Desktop/BoolPyeonMan/HelpMeBoolPyeonMan
[UnityMemory] Configuration Parameters - Can be set up in boot.config
    "memorysetup-bucket-allocator-granularity=16"
    "memorysetup-bucket-allocator-bucket-count=8"
    "memorysetup-bucket-allocator-block-size=33554432"
    "memorysetup-bucket-allocator-block-count=8"
    "memorysetup-main-allocator-block-size=16777216"
    "memorysetup-thread-allocator-block-size=16777216"
    "memorysetup-gfx-main-allocator-block-size=16777216"
    "memorysetup-gfx-thread-allocator-block-size=16777216"
    "memorysetup-cache-allocator-block-size=4194304"
    "memorysetup-typetree-allocator-block-size=2097152"
    "memorysetup-profiler-bucket-allocator-granularity=16"
    "memorysetup-profiler-bucket-allocator-bucket-count=8"
    "memorysetup-profiler-bucket-allocator-block-size=33554432"
    "memorysetup-profiler-bucket-allocator-block-count=8"
    "memorysetup-profiler-allocator-block-size=16777216"
    "memorysetup-profiler-editor-allocator-block-size=1048576"
    "memorysetup-temp-allocator-size-main=16777216"
    "memorysetup-job-temp-allocator-block-size=2097152"
    "memorysetup-job-temp-allocator-block-size-background=1048576"
    "memorysetup-job-temp-allocator-reduction-small-platforms=262144"
    "memorysetup-temp-allocator-size-background-worker=32768"
    "memorysetup-temp-allocator-size-job-worker=262144"
    "memorysetup-temp-allocator-size-preload-manager=33554432"
    "memorysetup-temp-allocator-size-nav-mesh-worker=65536"
    "memorysetup-temp-allocator-size-audio-worker=65536"
    "memorysetup-temp-allocator-size-cloud-worker=32768"
    "memorysetup-temp-allocator-size-gi-baking-worker=262144"
    "memorysetup-temp-allocator-size-gfx=262144"
Player connection [34252] Host "[IP] 10.210.60.87 [Port] 0 [Flags] 2 [Guid] 3445158296 [EditorId] 3445158296 [Version] 1048832 [Id] WindowsEditor(7,DESKTOP-AG8JFFH) [Debug] 1 [PackageName] WindowsEditor [ProjectName] Editor" joined multi-casting on [225.0.0.222:54997]...

Player connection [34252] Host "[IP] 10.210.60.87 [Port] 0 [Flags] 2 [Guid] 3445158296 [EditorId] 3445158296 [Version] 1048832 [Id] WindowsEditor(7,DESKTOP-AG8JFFH) [Debug] 1 [PackageName] WindowsEditor [ProjectName] Editor" joined alternative multi-casting on [225.0.0.222:34997]...

Refreshing native plugins compatible for Editor in 101.15 ms, found 4 plugins.
Preloading 0 native plugins for Editor in 0.00 ms.
Initialize engine version: 2021.3.15f1 (e8e88683f834)
[Subsystems] Discovering subsystems at path C:/Program Files/Unity/Hub/Editor/2021.3.15f1/Editor/Data/Resources/UnitySubsystems
[Subsystems] Discovering subsystems at path C:/Users/defaultuser/Desktop/BoolPyeonMan/HelpMeBoolPyeonMan/Assets
GfxDevice: creating device client; threaded=0; jobified=0
Direct3D:
    Version:  Direct3D 11.0 [level 11.1]
    Renderer: NVIDIA GeForce RTX 3070 Ti Laptop GPU (ID=0x24a0)
    Vendor:   NVIDIA
    VRAM:     8032 MB
    Driver:   31.0.15.2756
Initialize mono
Mono path[0] = 'C:/Program Files/Unity/Hub/Editor/2021.3.15f1/Editor/Data/Managed'
Mono path[1] = 'C:/Program Files/Unity/Hub/Editor/2021.3.15f1/Editor/Data/MonoBleedingEdge/lib/mono/unityjit-win32'
Mono config path = 'C:/Program Files/Unity/Hub/Editor/2021.3.15f1/Editor/Data/MonoBleedingEdge/etc'
Using monoOptions --debugger-agent=transport=dt_socket,embedding=1,server=y,suspend=n,address=127.0.0.1:56596
Begin MonoManager ReloadAssembly
Registering precompiled unity dll's ...
Register platform support module: C:/Program Files/Unity/Hub/Editor/2021.3.15f1/Editor/Data/PlaybackEngines/AndroidPlayer/UnityEditor.Android.Extensions.dll
Register platform support module: C:/Program Files/Unity/Hub/Editor/2021.3.15f1/Editor/Data/PlaybackEngines/WindowsStandaloneSupport/UnityEditor.WindowsStandalone.Extensions.dll
Registered in 0.006370 seconds.
Native extension for WindowsStandalone target not found
Native extension for Android target not found
Refreshing native plugins compatible for Editor in 75.35 ms, found 4 plugins.
Preloading 0 native plugins for Editor in 0.00 ms.
Mono: successfully reloaded assembly
- Completed reload, in  0.626 seconds
Domain Reload Profiling:
	ReloadAssembly (627ms)
		BeginReloadAssembly (73ms)
			ExecutionOrderSort (0ms)
			DisableScriptedObjects (0ms)
			BackupInstance (0ms)
			ReleaseScriptingObjects (0ms)
			CreateAndSetChildDomain (1ms)
		EndReloadAssembly (456ms)
			LoadAssemblies (72ms)
			RebuildTransferFunctionScriptingTraits (0ms)
			SetupTypeCache (98ms)
			ReleaseScriptCaches (0ms)
			RebuildScriptCaches (27ms)
			SetupLoadedEditorAssemblies (279ms)
				LogAssemblyErrors (0ms)
				InitializePlatformSupportModulesInManaged (52ms)
				SetLoadedEditorAssemblies (1ms)
				RefreshPlugins (75ms)
				BeforeProcessingInitializeOnLoad (1ms)
				ProcessInitializeOnLoadAttributes (93ms)
				ProcessInitializeOnLoadMethodAttributes (56ms)
				AfterProcessingInitializeOnLoad (0ms)
				EditorAssembliesLoaded (0ms)
			ExecutionOrderSort2 (0ms)
			AwakeInstancesAfterBackupRestoration (0ms)
Platform modules already initialized, skipping
Registering precompiled user dll's ...
Registered in 0.010837 seconds.
Begin MonoManager ReloadAssembly
Symbol file LoadedFromMemory doesn't match image C:\Users\defaultuser\Desktop\BoolPyeonMan\HelpMeBoolPyeonMan\Library\PackageCache\com.unity.visualscripting@1.7.8\Editor\VisualScripting.Core\Dependencies\YamlDotNet\Unity.VisualScripting.YamlDotNet.dll
Symbol file LoadedFromMemory doesn't match image C:\Users\defaultuser\Desktop\BoolPyeonMan\HelpMeBoolPyeonMan\Library\PackageCache\com.unity.visualscripting@1.7.8\Editor\VisualScripting.Core\Dependencies\DotNetZip\Unity.VisualScripting.IonicZip.dll
Native extension for WindowsStandalone target not found
Native extension for Android target not found
Refreshing native plugins compatible for Editor in 85.84 ms, found 4 plugins.
Preloading 0 native plugins for Editor in 0.00 ms.
Mono: successfully reloaded assembly
- Completed reload, in  1.475 seconds
Domain Reload Profiling:
	ReloadAssembly (1476ms)
		BeginReloadAssembly (257ms)
			ExecutionOrderSort (0ms)
			DisableScriptedObjects (7ms)
			BackupInstance (0ms)
			ReleaseScriptingObjects (0ms)
			CreateAndSetChildDomain (137ms)
		EndReloadAssembly (1088ms)
			LoadAssemblies (144ms)
			RebuildTransferFunctionScriptingTraits (0ms)
			SetupTypeCache (314ms)
			ReleaseScriptCaches (1ms)
			RebuildScriptCaches (63ms)
			SetupLoadedEditorAssemblies (510ms)
				LogAssemblyErrors (0ms)
				InitializePlatformSupportModulesInManaged (16ms)
				SetLoadedEditorAssemblies (0ms)
				RefreshPlugins (86ms)
				BeforeProcessingInitializeOnLoad (96ms)
				ProcessInitializeOnLoadAttributes (250ms)
				ProcessInitializeOnLoadMethodAttributes (49ms)
				AfterProcessingInitializeOnLoad (12ms)
				EditorAssembliesLoaded (0ms)
			ExecutionOrderSort2 (0ms)
			AwakeInstancesAfterBackupRestoration (12ms)
Platform modules already initialized, skipping
========================================================================
Worker process is ready to serve import requests
Launched and connected shader compiler UnityShaderCompiler.exe after 0.05 seconds
Refreshing native plugins compatible for Editor in 1.40 ms, found 4 plugins.
Preloading 0 native plugins for Editor in 0.00 ms.
Unloading 4063 Unused Serialized files (Serialized files now loaded: 0)
Unloading 38 unused Assets / (56.5 KB). Loaded Objects now: 4522.
Memory consumption went from 153.1 MB to 153.1 MB.
Total: 4.862500 ms (FindLiveObjects: 0.329800 ms CreateObjectMapping: 0.136200 ms MarkObjects: 4.269800 ms  DeleteObjects: 0.125200 ms)

AssetImportParameters requested are different than current active one (requested -> active):
  custom:video-decoder-ogg-theora: a1e56fd34408186e4bbccfd4996cb3dc -> 
  custom:container-muxer-webm: aa71ff27fc2769a1b78a27578f13a17b -> 
  custom:container-demuxer-webm: 4f35f7cbe854078d1ac9338744f61a02 -> 
  custom:video-encoder-webm-vp8: eb34c28f22e8b96e1ab97ce403110664 -> 
  custom:audio-encoder-webm-vorbis: bf7c407c2cedff20999df2af8eb42d56 -> 
  custom:framework-win-MediaFoundation: 216162199b28c13a410421893ffa2e32 -> 
  custom:container-demuxer-ogg: 62fdf1f143b41e24485cea50d1cbac27 -> 
  custom:video-decoder-webm-vp8: 9c59270c3fd7afecdb556c50c9e8de78 -> 
  custom:audio-decoder-ogg-vorbis: bf7c407c2cedff20999df2af8eb42d56 -> 
========================================================================
Received Import Request.
  Time since last request: 97270.729933 seconds.
  path: Assets/SampleImage/PizzaMiniGame/PIZZApiece/piz6.png
  artifactKey: Guid(90fea063bbf4eff48bd941f45b2afb6e) Importer(815301076,1909f56bfc062723c751e8b465ee728b)
Start importing Assets/SampleImage/PizzaMiniGame/PIZZApiece/piz6.png using Guid(90fea063bbf4eff48bd941f45b2afb6e) Importer(815301076,1909f56bfc062723c751e8b465ee728b)  -> (artifact id: 'd9c477741cac6b94a02f7827af9a40dc') in 0.070153 seconds 
========================================================================
Received Import Request.
  Time since last request: 0.000041 seconds.
  path: Assets/SampleImage/PizzaMiniGame/PIZZApiece/piz8.png
  artifactKey: Guid(2f3199ed72b0f3c47b2823f90cc30b33) Importer(815301076,1909f56bfc062723c751e8b465ee728b)
Start importing Assets/SampleImage/PizzaMiniGame/PIZZApiece/piz8.png using Guid(2f3199ed72b0f3c47b2823f90cc30b33) Importer(815301076,1909f56bfc062723c751e8b465ee728b)  -> (artifact id: '5f0c434af21f1c27bf4d1ba961ed51e4') in 0.013574 seconds 
========================================================================
Received Import Request.
  Time since last request: 19.797355 seconds.
  path: Assets/SampleImage/PizzaMiniGame/PIZZApiece/piz1.png
  artifactKey: Guid(e2e852b3999c4f84782c1c023c752286) Importer(815301076,1909f56bfc062723c751e8b465ee728b)
Start importing Assets/SampleImage/PizzaMiniGame/PIZZApiece/piz1.png using Guid(e2e852b3999c4f84782c1c023c752286) Importer(815301076,1909f56bfc062723c751e8b465ee728b)  -> (artifact id: '24229195cdf8e3cc847f1b3742c79c25') in 0.043867 seconds 
========================================================================
Received Import Request.
  Time since last request: 22.607289 seconds.
  path: Assets/SampleImage/PizzaMiniGame/PIZZApiece/piz2.png
  artifactKey: Guid(acacdca861d4b2c40ae1658e0ac811fb) Importer(815301076,1909f56bfc062723c751e8b465ee728b)
Start importing Assets/SampleImage/PizzaMiniGame/PIZZApiece/piz2.png using Guid(acacdca861d4b2c40ae1658e0ac811fb) Importer(815301076,1909f56bfc062723c751e8b465ee728b)  -> (artifact id: 'a834efeb6e8295cc91603e6150b66f6c') in 0.014754 seconds 
========================================================================
Received Import Request.
  Time since last request: 13.084844 seconds.
  path: Assets/SampleImage/PizzaMiniGame/PIZZApiece/piz3.png
  artifactKey: Guid(f4dded81401500b4cb22661d6ecfa615) Importer(815301076,1909f56bfc062723c751e8b465ee728b)
Start importing Assets/SampleImage/PizzaMiniGame/PIZZApiece/piz3.png using Guid(f4dded81401500b4cb22661d6ecfa615) Importer(815301076,1909f56bfc062723c751e8b465ee728b)  -> (artifact id: '0d1be8c8ce2d94709a9349f973922e81') in 0.015087 seconds 
========================================================================
Received Import Request.
  Time since last request: 5.398223 seconds.
  path: Assets/SampleImage/PizzaMiniGame/PIZZApiece/piz4.png
  artifactKey: Guid(f4709a24295cc9b4bab977c8f2cbdb5c) Importer(815301076,1909f56bfc062723c751e8b465ee728b)
Start importing Assets/SampleImage/PizzaMiniGame/PIZZApiece/piz4.png using Guid(f4709a24295cc9b4bab977c8f2cbdb5c) Importer(815301076,1909f56bfc062723c751e8b465ee728b)  -> (artifact id: '67d9c476d91713815bc81db954c9f25b') in 0.015031 seconds 
========================================================================
Received Import Request.
  Time since last request: 2.645888 seconds.
  path: Assets/SampleImage/PizzaMiniGame/PIZZApiece/piz4.png
  artifactKey: Guid(f4709a24295cc9b4bab977c8f2cbdb5c) Importer(815301076,1909f56bfc062723c751e8b465ee728b)
Start importing Assets/SampleImage/PizzaMiniGame/PIZZApiece/piz4.png using Guid(f4709a24295cc9b4bab977c8f2cbdb5c) Importer(815301076,1909f56bfc062723c751e8b465ee728b)  -> (artifact id: '04829342d99a6e16d8c846605bd6543b') in 0.012711 seconds 
========================================================================
Received Import Request.
  Time since last request: 39.701829 seconds.
  path: Assets/SampleImage/PizzaMiniGame/PIZZApiece/piz5.png
  artifactKey: Guid(615495a1e68e71743b6d386b5811a4a0) Importer(815301076,1909f56bfc062723c751e8b465ee728b)
Start importing Assets/SampleImage/PizzaMiniGame/PIZZApiece/piz5.png using Guid(615495a1e68e71743b6d386b5811a4a0) Importer(815301076,1909f56bfc062723c751e8b465ee728b)  -> (artifact id: 'd282cf2b0d13180d91cc8a5a94764e05') in 0.016160 seconds 
========================================================================
Received Import Request.
  Time since last request: 17.910285 seconds.
  path: Assets/SampleImage/PizzaMiniGame/PIZZApiece/piz2.png
  artifactKey: Guid(acacdca861d4b2c40ae1658e0ac811fb) Importer(815301076,1909f56bfc062723c751e8b465ee728b)
Start importing Assets/SampleImage/PizzaMiniGame/PIZZApiece/piz2.png using Guid(acacdca861d4b2c40ae1658e0ac811fb) Importer(815301076,1909f56bfc062723c751e8b465ee728b)  -> (artifact id: '5f4d0a8826845b7ae10fdc6ca81d1940') in 0.017081 seconds 
========================================================================
Received Import Request.
  Time since last request: 72.774051 seconds.
  path: Assets/SampleImage/PizzaMiniGame/PIZZApiece/piz6.png
  artifactKey: Guid(90fea063bbf4eff48bd941f45b2afb6e) Importer(815301076,1909f56bfc062723c751e8b465ee728b)
Start importing Assets/SampleImage/PizzaMiniGame/PIZZApiece/piz6.png using Guid(90fea063bbf4eff48bd941f45b2afb6e) Importer(815301076,1909f56bfc062723c751e8b465ee728b)  -> (artifact id: '51816f91614483dde09bf6bdacdcc60e') in 0.015923 seconds 
========================================================================
Received Import Request.
  Time since last request: 29.508390 seconds.
  path: Assets/SampleImage/PizzaMiniGame/PIZZApiece/piz7.png
  artifactKey: Guid(8db8e7c5fc124f143b90f51b9bb7d06c) Importer(815301076,1909f56bfc062723c751e8b465ee728b)
Start importing Assets/SampleImage/PizzaMiniGame/PIZZApiece/piz7.png using Guid(8db8e7c5fc124f143b90f51b9bb7d06c) Importer(815301076,1909f56bfc062723c751e8b465ee728b)  -> (artifact id: '0656d6caab9284d6db6eb9aae0170dbc') in 0.014724 seconds 
========================================================================
Received Import Request.
  Time since last request: 24.731677 seconds.
  path: Assets/SampleImage/PizzaMiniGame/PIZZApiece/piz8.png
  artifactKey: Guid(2f3199ed72b0f3c47b2823f90cc30b33) Importer(815301076,1909f56bfc062723c751e8b465ee728b)
Start importing Assets/SampleImage/PizzaMiniGame/PIZZApiece/piz8.png using Guid(2f3199ed72b0f3c47b2823f90cc30b33) Importer(815301076,1909f56bfc062723c751e8b465ee728b)  -> (artifact id: '58717fe1c6d548b93ae20ab6499c5e2c') in 0.021007 seconds 
========================================================================
Received Import Request.
  Time since last request: 26.141924 seconds.
  path: Assets/SampleImage/PizzaMiniGame/PIZZApiece/piz9.png
  artifactKey: Guid(6880132bb53e5d340abe5883a557f261) Importer(815301076,1909f56bfc062723c751e8b465ee728b)
Start importing Assets/SampleImage/PizzaMiniGame/PIZZApiece/piz9.png using Guid(6880132bb53e5d340abe5883a557f261) Importer(815301076,1909f56bfc062723c751e8b465ee728b)  -> (artifact id: 'a7b8836f6ccc6f1d3286566a9f3426df') in 0.015380 seconds 
========================================================================
Received Import Request.
  Time since last request: 8.969074 seconds.
  path: Assets/Scenes/MiniGames
  artifactKey: Guid(79bbeb4721c8d5b41b5f9ddbc3d42ca6) Importer(815301076,1909f56bfc062723c751e8b465ee728b)
Start importing Assets/Scenes/MiniGames using Guid(79bbeb4721c8d5b41b5f9ddbc3d42ca6) Importer(815301076,1909f56bfc062723c751e8b465ee728b)  -> (artifact id: 'f4850c3960e31f7deffd712535f629ab') in 0.003575 seconds 
========================================================================
Received Import Request.
  Time since last request: 13.487617 seconds.
  path: Assets/Scenes/MiniGames/PizzaMiniGame.unity
  artifactKey: Guid(4ea0c5eced066d740b5585366ec55772) Importer(815301076,1909f56bfc062723c751e8b465ee728b)
Start importing Assets/Scenes/MiniGames/PizzaMiniGame.unity using Guid(4ea0c5eced066d740b5585366ec55772) Importer(815301076,1909f56bfc062723c751e8b465ee728b)  -> (artifact id: 'ecac70be8ca8f54db1c8834d209cc521') in 0.003329 seconds 
========================================================================
Received Import Request.
  Time since last request: 9.971988 seconds.
  path: Assets/SampleImage/PizzaMiniGame/pizzaAssert.png
  artifactKey: Guid(0085e754d05d1fe42b5e2716dfdcbff8) Importer(815301076,1909f56bfc062723c751e8b465ee728b)
Start importing Assets/SampleImage/PizzaMiniGame/pizzaAssert.png using Guid(0085e754d05d1fe42b5e2716dfdcbff8) Importer(815301076,1909f56bfc062723c751e8b465ee728b)  -> (artifact id: '6efee970fae68b71897f2acd1eb0ae1e') in 0.008019 seconds 
========================================================================
Received Import Request.
  Time since last request: 16.379339 seconds.
  path: Assets/SampleImage/PizzaMiniGame/pizzaAssert.png
  artifactKey: Guid(0085e754d05d1fe42b5e2716dfdcbff8) Importer(815301076,1909f56bfc062723c751e8b465ee728b)
Start importing Assets/SampleImage/PizzaMiniGame/pizzaAssert.png using Guid(0085e754d05d1fe42b5e2716dfdcbff8) Importer(815301076,1909f56bfc062723c751e8b465ee728b)  -> (artifact id: '781a8b28f73c545fdaf933bfb3c84df6') in 0.030230 seconds 
========================================================================
Received Import Request.
  Time since last request: 128.367809 seconds.
  path: Assets/SampleImage/PizzaMiniGame/PIZZApiece/Idle.anim
  artifactKey: Guid(ea16a6d80f6efe14dbf6ccaa04b22467) Importer(815301076,1909f56bfc062723c751e8b465ee728b)
Start importing Assets/SampleImage/PizzaMiniGame/PIZZApiece/Idle.anim using Guid(ea16a6d80f6efe14dbf6ccaa04b22467) Importer(815301076,1909f56bfc062723c751e8b465ee728b)  -> (artifact id: '1034b63907a322491cae2863b5b93a87') in 0.009904 seconds 
========================================================================
Received Import Request.
  Time since last request: 2.696738 seconds.
  path: Assets/Animator
  artifactKey: Guid(590c468b343c3504e8ce09a1bdb322d6) Importer(815301076,1909f56bfc062723c751e8b465ee728b)
Start importing Assets/Animator using Guid(590c468b343c3504e8ce09a1bdb322d6) Importer(815301076,1909f56bfc062723c751e8b465ee728b)  -> (artifact id: 'a3ebd8e3932ebdf79237eb6b828107df') in 0.002356 seconds 
========================================================================
Received Import Request.
  Time since last request: 11.736206 seconds.
  path: Assets/Animator/PizzaMiniGame
  artifactKey: Guid(4d2cf70066149e84489f77666948f4fb) Importer(815301076,1909f56bfc062723c751e8b465ee728b)
Start importing Assets/Animator/PizzaMiniGame using Guid(4d2cf70066149e84489f77666948f4fb) Importer(815301076,1909f56bfc062723c751e8b465ee728b)  -> (artifact id: 'ba3fc54ed8b2c263f38f7c103b8ec9ad') in 0.002069 seconds 
========================================================================
Received Import Request.
  Time since last request: 122.086989 seconds.
  path: Assets/SampleImage/PizzaMiniGame/PIZZApiece/Failed.anim
  artifactKey: Guid(e081c4bf4d1047d47a2c8e1834e47a66) Importer(815301076,1909f56bfc062723c751e8b465ee728b)
Start importing Assets/SampleImage/PizzaMiniGame/PIZZApiece/Failed.anim using Guid(e081c4bf4d1047d47a2c8e1834e47a66) Importer(815301076,1909f56bfc062723c751e8b465ee728b)  -> (artifact id: 'ce4d8c83424b628e5d64ced5c424137b') in 0.003229 seconds 
========================================================================
Received Import Request.
  Time since last request: 113.684819 seconds.
  path: Assets/SampleImage/EGGMiniGames/egg1.png
  artifactKey: Guid(d9f1b712c993250459fc5a1e568f1189) Importer(815301076,1909f56bfc062723c751e8b465ee728b)
Start importing Assets/SampleImage/EGGMiniGames/egg1.png using Guid(d9f1b712c993250459fc5a1e568f1189) Importer(815301076,1909f56bfc062723c751e8b465ee728b)  -> (artifact id: '6ddb053990b42f6fc120d16e21721d39') in 0.042647 seconds 
========================================================================
Received Import Request.
  Time since last request: 0.000038 seconds.
  path: Assets/SampleImage/EGGMiniGames/후라이팬.png
  artifactKey: Guid(42d2045d5669a3443b78c38637c5895a) Importer(815301076,1909f56bfc062723c751e8b465ee728b)
Start importing Assets/SampleImage/EGGMiniGames/후라이팬.png using Guid(42d2045d5669a3443b78c38637c5895a) Importer(815301076,1909f56bfc062723c751e8b465ee728b)  -> (artifact id: 'f3341b571018b0061a8ce6f05ab27245') in 0.072157 seconds 
========================================================================
Received Import Request.
  Time since last request: 0.000036 seconds.
  path: Assets/SampleImage/EGGMiniGames/egg4.png
  artifactKey: Guid(a3ec2eb961925c94a8bd147f1f86ca89) Importer(815301076,1909f56bfc062723c751e8b465ee728b)
Start importing Assets/SampleImage/EGGMiniGames/egg4.png using Guid(a3ec2eb961925c94a8bd147f1f86ca89) Importer(815301076,1909f56bfc062723c751e8b465ee728b)  -> (artifact id: '81e2d839d02e4e9dedf0e7eeae1551f1') in 0.031211 seconds 
========================================================================
Received Import Request.
  Time since last request: 0.000065 seconds.
  path: Assets/SampleImage/EGGMiniGames/egg3.png
  artifactKey: Guid(b6b370b9a8132a640976b26cb4e0b255) Importer(815301076,1909f56bfc062723c751e8b465ee728b)
Start importing Assets/SampleImage/EGGMiniGames/egg3.png using Guid(b6b370b9a8132a640976b26cb4e0b255) Importer(815301076,1909f56bfc062723c751e8b465ee728b)  -> (artifact id: '9217dfb98471bb03e4a09d944c5bed9d') in 0.030953 seconds 
========================================================================
Received Import Request.
  Time since last request: 0.000026 seconds.
  path: Assets/SampleImage/EGGMiniGames/계란껍질 1.png
  artifactKey: Guid(c01a8e8ce520056428b11a598adb436b) Importer(815301076,1909f56bfc062723c751e8b465ee728b)
Start importing Assets/SampleImage/EGGMiniGames/계란껍질 1.png using Guid(c01a8e8ce520056428b11a598adb436b) Importer(815301076,1909f56bfc062723c751e8b465ee728b)  -> (artifact id: '40aaff78c9a74c6337116be8711765fd') in 0.022465 seconds 
Editor requested this worker to shutdown with reason: Scaling down because of idle timeout
AssetImportWorker is now disconnected from the server
Process exiting
Exiting without the bug reporter. Application will terminate with return code 0